[27Jun2023 00:02:14.692] [Server thread/INFO] [net.minecraft.world.entity.LivingEntity/]: Named entity Zombie['Donald'/2488407, l='ServerLevel[world]', x=999.36, y=64.00, z=-2837.64] died: Donald was slain by CNomades
[27Jun2023 00:12:11.812] [Server thread/WARN] [net.minecraft.server.network.ServerGamePacketListenerImpl/]: Miczewski moved too quickly! 927.6256798442903,7.5,-2593.9325442851873
[27Jun2023 00:12:23.978] [Server thread/WARN] [pneumaticcraft/]: Amadron: failed to find any trades for profession evilcraft:werewolf ?
[27Jun2023 00:12:27.032] [Server thread/WARN] [net.minecraft.server.level.ServerPlayerGameMode/]: Mismatch in destroy block pos: BlockPos{x=1014, y=69, z=-2810} BlockPos{x=1014, y=69, z=-2809}
[27Jun2023 00:12:27.083] [Server thread/WARN] [net.minecraft.server.level.ServerPlayerGameMode/]: Mismatch in destroy block pos: BlockPos{x=1014, y=69, z=-2811} BlockPos{x=1014, y=69, z=-2809}
[27Jun2023 00:17:08.529] [Server thread/INFO] [net.minecraft.server.MinecraftServer/]: Miczewski has made the advancement [First Age]
[27Jun2023 00:24:53.991] [Server thread/INFO] [net.minecraft.server.MinecraftServer/]: Gave 1    [Bronze Hammer] to Miczewski
[27Jun2023 00:38:40.952] [Server thread/WARN] [net.minecraft.server.network.ServerGamePacketListenerImpl/]: Miczewski moved too quickly! 928.28051757424,7.5,-2592.5686184541555
[27Jun2023 00:43:40.490] [Server thread/WARN] [net.minecraft.server.network.ServerGamePacketListenerImpl/]: CNomades moved wrongly!
[27Jun2023 00:56:14.638] [Server thread/WARN] [net.minecraft.server.network.ServerGamePacketListenerImpl/]: CNomades moved wrongly!
[27Jun2023 00:57:16.195] [Server thread/INFO] [net.minecraft.world.entity.LivingEntity/]: Named entity Zoglin['Lord Siltharthar the Mean'/2843788, l='ServerLevel[world]', x=180.13, y=173.00, z=-47.50] died: Lord Siltharthar the Mean was slain by Miczewski using    [Violent MAMAVARA of the Storm]
[27Jun2023 00:57:39.146] [Server thread/INFO] [net.minecraft.world.entity.LivingEntity/]: Named entity ZombifiedPiglin['Mister Quaidcreeear the Godly'/2843992, l='ServerLevel[world]', x=186.61, y=170.00, z=-27.35] died: Mister Quaidcreeear the Godly was slain by Miczewski using    [Violent MAMAVARA of the Storm]
[27Jun2023 00:58:17.739] [Server thread/INFO] [net.minecraft.world.entity.LivingEntity/]: Named entity Witch['Aldburbaph the Knight'/2844177, l='ServerLevel[world]', x=150.70, y=171.00, z=-30.50] died: Aldburbaph the Knight was slain by Miczewski using    [Violent MAMAVARA of the Storm]
[27Jun2023 00:59:13.042] [Server thread/INFO] [net.minecraft.world.entity.LivingEntity/]: Named entity Skeleton['Wolfchicdie the Super'/2844437, l='ServerLevel[world]', x=186.84, y=174.00, z=67.91] died: Wolfchicdie the Super was slain by Miczewski using    [Violent MAMAVARA of the Storm]
[27Jun2023 00:59:19.855] [Server thread/INFO] [net.minecraft.world.entity.LivingEntity/]: Named entity Witch['Idmanbrozom the Rejected'/2844635, l='ServerLevel[world]', x=188.57, y=174.00, z=66.66] died: Idmanbrozom the Rejected was slain by Miczewski using    [Violent MAMAVARA of the Storm]
[27Jun2023 01:00:03.204] [Server thread/INFO] [net.minecraft.world.entity.LivingEntity/]: Named entity Skeleton['Cameron the Supreme'/2844726, l='ServerLevel[world]', x=189.76, y=166.88, z=35.78] died: Cameron the Supreme was slain by Miczewski using    [Violent MAMAVARA of the Storm]
[27Jun2023 01:00:53.046] [Server thread/INFO] [net.minecraft.world.entity.LivingEntity/]: Named entity Witch['Luke'/2845092, l='ServerLevel[world]', x=149.83, y=169.00, z=36.40] died: Luke was slain by Miczewski using    [Violent MAMAVARA of the Storm]
[27Jun2023 01:05:38.436] [Server thread/INFO] [net.minecraft.server.network.ServerGamePacketListenerImpl/]: CNomades lost connection: Disconnected
[27Jun2023 01:05:38.436] [Server thread/INFO] [net.minecraft.server.MinecraftServer/]: CNomades left the game
[27Jun2023 01:05:38.493] [Server thread/WARN] [net.minecraft.network.Connection/]: handleDisconnection() called twice
[27Jun2023 01:12:24.088] [Server thread/WARN] [pneumaticcraft/]: Amadron: failed to find any trades for profession evilcraft:werewolf ?
[27Jun2023 01:24:36.205] [Server thread/INFO] [net.minecraft.server.MinecraftServer/]: Miczewski has made the advancement [The Jeweler]
[27Jun2023 01:25:11.141] [Server thread/INFO] [net.minecraft.world.entity.LivingEntity/]: Named entity Phantom['Hera the Odd'/2850378, l='ServerLevel[world]', x=252.70, y=220.50, z=7.20] died: Hera the Odd was slain by Miczewski using    [Elongated MAMAVARA of Surgical Precision]
[27Jun2023 01:25:35.689] [Server thread/INFO] [net.minecraft.world.entity.LivingEntity/]: Named entity Zombie['Madam Norman'/2850387, l='ServerLevel[world]', x=230.42, y=170.00, z=13.51] died: Madam Norman was slain by Miczewski using    [Elongated MAMAVARA of Surgical Precision]
[27Jun2023 01:26:35.895] [Server thread/INFO] [net.minecraft.world.entity.LivingEntity/]: Named entity EnderMan['Carlton the Rejected'/2851570, l='ServerLevel[world]', x=-254.85, y=163.88, z=-44.45] died: Carlton the Rejected was slain by Miczewski using    [Elongated MAMAVARA of Surgical Precision]
[27Jun2023 01:27:24.521] [Server thread/WARN] [net.minecraft.server.network.ServerGamePacketListenerImpl/]: Miczewski moved too quickly! -14.96860910572417,0.0,-1.9092238002266555
[27Jun2023 01:27:31.248] [Server thread/INFO] [net.minecraft.world.entity.LivingEntity/]: Named entity Blaze['Squidzom the Lame'/2851677, l='ServerLevel[world]', x=-265.70, y=169.20, z=97.40] died: Squidzom the Lame was slain by Miczewski using    [Elongated MAMAVARA of Surgical Precision]
[27Jun2023 01:27:39.198] [Server thread/INFO] [net.minecraft.world.entity.LivingEntity/]: Named entity WitherSkeleton['Mickey'/2851887, l='ServerLevel[world]', x=-256.77, y=165.02, z=92.44] died: Mickey was slain by Miczewski using    [Elongated MAMAVARA of Surgical Precision]
[27Jun2023 01:27:51.543] [Server thread/INFO] [net.minecraft.world.entity.LivingEntity/]: Named entity Zombie['Sheepforgro'/2852036, l='ServerLevel[world]', x=-228.50, y=163.00, z=113.62] died: Sheepforgro was slain by Miczewski using    [Elongated MAMAVARA of Surgical Precision]
[27Jun2023 01:29:39.394] [Server thread/INFO] [net.minecraft.world.entity.LivingEntity/]: Named entity PiglinBrute['Sir Grabbranena the Wimpy'/2852515, l='ServerLevel[world]', x=-270.46, y=173.00, z=229.94] died: Sir Grabbranena the Wimpy was slain by Miczewski using    [Elongated MAMAVARA of Surgical Precision]
[27Jun2023 01:29:58.647] [Server thread/INFO] [net.minecraft.world.entity.LivingEntity/]: Named entity Skeleton['Pigpiged'/2852670, l='ServerLevel[world]', x=-263.76, y=172.00, z=282.15] died: Pigpiged was slain by Miczewski using    [Elongated MAMAVARA of Surgical Precision]
[27Jun2023 01:29:59.542] [Server thread/INFO] [net.minecraft.world.entity.LivingEntity/]: Named entity EnderMan['Mister Ettedon'/2852589, l='ServerLevel[world]', x=-262.65, y=172.00, z=280.48] died: Mister Ettedon was slain by Miczewski using    [Elongated MAMAVARA of Surgical Precision]
[27Jun2023 01:47:58.939] [Server thread/INFO] [net.minecraft.world.entity.LivingEntity/]: Named entity Husk['Lord Hellgero'/2854116, l='ServerLevel[world]', x=-211.31, y=165.00, z=328.27] died: Lord Hellgero was slain by Miczewski using    [Elongated MAMAVARA of Surgical Precision]
[27Jun2023 01:48:10.093] [Server thread/INFO] [net.minecraft.world.entity.LivingEntity/]: Named entity EnderMan['Judy the Mythical'/2852976, l='ServerLevel[world]', x=-211.46, y=164.00, z=309.80] died: Judy the Mythical was slain by Miczewski using    [Elongated MAMAVARA of Surgical Precision]
[27Jun2023 01:48:11.934] [Server thread/INFO] [net.minecraft.world.entity.LivingEntity/]: Named entity Skeleton['Tamara the Dirt Digger'/2852920, l='ServerLevel[world]', x=-211.51, y=164.00, z=309.78] died: Tamara the Dirt Digger was slain by Miczewski using    [Elongated MAMAVARA of Surgical Precision]
[27Jun2023 01:48:14.255] [Server thread/INFO] [net.minecraft.world.entity.LivingEntity/]: Named entity WitherSkeleton['Doctor Isabelle the Mean'/2853644, l='ServerLevel[world]', x=-210.82, y=164.00, z=309.81] died: Doctor Isabelle the Mean was slain by Miczewski using    [Elongated MAMAVARA of Surgical Precision]
[27Jun2023 01:48:15.847] [Server thread/INFO] [net.minecraft.world.entity.LivingEntity/]: Named entity ZombifiedPiglin['Lord Leo the ... Something'/2854085, l='ServerLevel[world]', x=-211.73, y=164.20, z=309.93] died: Lord Leo the ... Something was slain by Miczewski using    [Elongated MAMAVARA of Surgical Precision]
[27Jun2023 01:48:49.342] [Server thread/INFO] [net.minecraft.world.entity.LivingEntity/]: Named entity Witch['Mashellthor the Mean'/2852805, l='ServerLevel[world]', x=-242.89, y=165.00, z=351.46] died: Mashellthor the Mean was slain by Miczewski using    [Elongated MAMAVARA of Surgical Precision]
[27Jun2023 01:48:53.695] [Server thread/INFO] [net.minecraft.world.entity.LivingEntity/]: Named entity EnderMan['Mother Ensheepcowbloo the Angry'/2854170, l='ServerLevel[world]', x=-251.02, y=166.00, z=358.86] died: Mother Ensheepcowbloo the Angry was slain by Miczewski using    [Elongated MAMAVARA of Surgical Precision]
[27Jun2023 01:49:00.895] [Server thread/INFO] [net.minecraft.world.entity.LivingEntity/]: Named entity EnderMan['Madam Tiara the Errant'/2853068, l='ServerLevel[world]', x=-255.36, y=166.00, z=362.36] died: Madam Tiara the Errant was slain by Miczewski using    [Elongated MAMAVARA of Surgical Precision]
[27Jun2023 01:49:37.499] [Server thread/INFO] [net.minecraft.world.entity.LivingEntity/]: Named entity Zoglin['Jankmashabzap the Mean'/2854304, l='ServerLevel[world]', x=-245.48, y=176.00, z=414.56] died: Jankmashabzap the Mean was slain by Miczewski using    [Elongated MAMAVARA of Surgical Precision]
[27Jun2023 01:49:48.692] [Server thread/INFO] [net.minecraft.world.entity.LivingEntity/]: Named entity EnderMan['Madam Isabelle the Mighty'/2854459, l='ServerLevel[world]', x=-248.42, y=178.49, z=421.28] died: Madam Isabelle the Mighty was slain by Miczewski using    [Elongated MAMAVARA of Surgical Precision]
[27Jun2023 01:49:51.084] [Server thread/INFO] [net.minecraft.world.entity.LivingEntity/]: Named entity Zombie['Doctor Squidkinky the Undoubtable'/2854532, l='ServerLevel[world]', x=-246.36, y=179.00, z=427.48] died: Doctor Squidkinky the Undoubtable was slain by Miczewski using    [Elongated MAMAVARA of Surgical Precision]
[27Jun2023 01:50:10.647] [Server thread/INFO] [net.minecraft.world.entity.LivingEntity/]: Named entity WitherSkeleton['Sir Toastathman'/2854654, l='ServerLevel[world]', x=-250.03, y=168.00, z=372.92] died: Sir Toastathman was slain by Miczewski using    [Elongated MAMAVARA of Surgical Precision]
[27Jun2023 01:50:46.693] [Server thread/INFO] [net.minecraft.world.entity.LivingEntity/]: Named entity Skeleton['Sheepostofishhell'/2854777, l='ServerLevel[world]', x=-291.22, y=194.00, z=476.68] died: Sheepostofishhell was slain by Miczewski using    [Elongated MAMAVARA of Surgical Precision]
[27Jun2023 01:51:11.394] [Server thread/INFO] [net.minecraft.world.entity.LivingEntity/]: Named entity Piglin['Professor Joned the Not Very Nice'/2853344, l='ServerLevel[world]', x=-280.30, y=184.00, z=427.87] died: Professor Joned the Not Very Nice was slain by Miczewski using    [Elongated MAMAVARA of Surgical Precision]
[27Jun2023 01:55:11.296] [Server thread/INFO] [net.minecraft.world.entity.LivingEntity/]: Named entity EnderMan['Father Aphlobe the Dragonborn'/2855339, l='ServerLevel[world]', x=-367.51, y=175.00, z=368.84] died: Father Aphlobe the Dragonborn was slain by Miczewski using    [Elongated MAMAVARA of Surgical Precision]
[27Jun2023 01:56:13.735] [Server thread/INFO] [net.minecraft.server.network.ServerGamePacketListenerImpl/]: Miczewski lost connection: Disconnected
[27Jun2023 01:56:13.735] [Server thread/INFO] [net.minecraft.server.MinecraftServer/]: Miczewski left the game
